Analysis & Elaboration report for aula_13
Tue May 16 20:48:21 2023
Quartus Prime Version 20.1.0 Build 711 06/05/2020 SJ Lite Edition


---------------------
; Table of Contents ;
---------------------
  1. Legal Notice
  2. Analysis & Elaboration Summary
  3. Parallel Compilation
  4. Parameter Settings for User Entity Instance: Top-level Entity: |aula_13
  5. Parameter Settings for User Entity Instance: registradorGenerico:REG_PC
  6. Parameter Settings for User Entity Instance: somadorGenerico:INC_PC
  7. Parameter Settings for User Entity Instance: ROMMIPS:ROM
  8. Parameter Settings for User Entity Instance: bancoReg:bancoRegistradores
  9. Parameter Settings for User Entity Instance: muxGenerico2x1:mux_entrada_regs
 10. Parameter Settings for User Entity Instance: estendeSinalGenerico:estensor_sinal
 11. Parameter Settings for User Entity Instance: ULASomaSub:ULA
 12. Parameter Settings for User Entity Instance: RAMMIPS:RAM
 13. Parameter Settings for User Entity Instance: muxGenerico2x1:MUX_Saida
 14. Analysis & Elaboration Settings
 15. Port Connectivity Checks: "conversorHex7Seg:DEC_5"
 16. Port Connectivity Checks: "conversorHex7Seg:DEC_4"
 17. Port Connectivity Checks: "conversorHex7Seg:DEC_3"
 18. Port Connectivity Checks: "conversorHex7Seg:DEC_2"
 19. Port Connectivity Checks: "conversorHex7Seg:DEC_1"
 20. Port Connectivity Checks: "conversorHex7Seg:DEC_0"
 21. Port Connectivity Checks: "RAMMIPS:RAM"
 22. Port Connectivity Checks: "somadorGenerico:INC_PC"
 23. Port Connectivity Checks: "registradorGenerico:REG_PC"
 24. Analysis & Elaboration Messages



----------------
; Legal Notice ;
----------------
Copyright (C) 2020  Intel Corporation. All rights reserved.
Your use of Intel Corporation's design tools, logic functions 
and other software and tools, and any partner logic 
functions, and any output files from any of the foregoing 
(including device programming or simulation files), and any 
associated documentation or information are expressly subject 
to the terms and conditions of the Intel Program License 
Subscription Agreement, the Intel Quartus Prime License Agreement,
the Intel FPGA IP License Agreement, or other applicable license
agreement, including, without limitation, that your use is for
the sole purpose of programming logic devices manufactured by
Intel and sold by Intel or its authorized distributors.  Please
refer to the applicable agreement for further details, at
https://fpgasoftware.intel.com/eula.



+-----------------------------------------------------------------------------+
; Analysis & Elaboration Summary                                              ;
+-------------------------------+---------------------------------------------+
; Analysis & Elaboration Status ; Successful - Tue May 16 20:48:21 2023       ;
; Quartus Prime Version         ; 20.1.0 Build 711 06/05/2020 SJ Lite Edition ;
; Revision Name                 ; aula_13                                     ;
; Top-level Entity Name         ; aula_13                                     ;
; Family                        ; Cyclone V                                   ;
; Logic utilization (in ALMs)   ; N/A until Partition Merge                   ;
; Total registers               ; N/A until Partition Merge                   ;
; Total pins                    ; N/A until Partition Merge                   ;
; Total virtual pins            ; N/A until Partition Merge                   ;
; Total block memory bits       ; N/A until Partition Merge                   ;
; Total PLLs                    ; N/A until Partition Merge                   ;
; Total DLLs                    ; N/A until Partition Merge                   ;
+-------------------------------+---------------------------------------------+


+------------------------------------------+
; Parallel Compilation                     ;
+----------------------------+-------------+
; Processors                 ; Number      ;
+----------------------------+-------------+
; Number detected on machine ; 8           ;
; Maximum allowed            ; 4           ;
;                            ;             ;
; Average used               ; 1.00        ;
; Maximum used               ; 1           ;
;                            ;             ;
; Usage by Processor         ; % Time Used ;
;     Processor 1            ; 100.0%      ;
+----------------------------+-------------+


+-------------------------------------------------------------------------+
; Parameter Settings for User Entity Instance: Top-level Entity: |aula_13 ;
+------------------+-------+----------------------------------------------+
; Parameter Name   ; Value ; Type                                         ;
+------------------+-------+----------------------------------------------+
; larguraDados     ; 32    ; Signed Integer                               ;
; larguraEnderecos ; 32    ; Signed Integer                               ;
; simulacao        ; true  ; Enumerated                                   ;
+------------------+-------+----------------------------------------------+
Note: In order to hide this table in the UI and the text report file, please set the "Show Parameter Settings in Synthesis Report" option in "Analysis and Synthesis Settings -> More Settings" to "Off".


+-------------------------------------------------------------------------+
; Parameter Settings for User Entity Instance: registradorGenerico:REG_PC ;
+----------------+-------+------------------------------------------------+
; Parameter Name ; Value ; Type                                           ;
+----------------+-------+------------------------------------------------+
; larguradados   ; 32    ; Signed Integer                                 ;
+----------------+-------+------------------------------------------------+
Note: In order to hide this table in the UI and the text report file, please set the "Show Parameter Settings in Synthesis Report" option in "Analysis and Synthesis Settings -> More Settings" to "Off".


+---------------------------------------------------------------------+
; Parameter Settings for User Entity Instance: somadorGenerico:INC_PC ;
+----------------+-------+--------------------------------------------+
; Parameter Name ; Value ; Type                                       ;
+----------------+-------+--------------------------------------------+
; larguradados   ; 32    ; Signed Integer                             ;
+----------------+-------+--------------------------------------------+
Note: In order to hide this table in the UI and the text report file, please set the "Show Parameter Settings in Synthesis Report" option in "Analysis and Synthesis Settings -> More Settings" to "Off".


+----------------------------------------------------------+
; Parameter Settings for User Entity Instance: ROMMIPS:ROM ;
+-----------------+-------+--------------------------------+
; Parameter Name  ; Value ; Type                           ;
+-----------------+-------+--------------------------------+
; datawidth       ; 32    ; Signed Integer                 ;
; addrwidth       ; 32    ; Signed Integer                 ;
; memoryaddrwidth ; 6     ; Signed Integer                 ;
+-----------------+-------+--------------------------------+
Note: In order to hide this table in the UI and the text report file, please set the "Show Parameter Settings in Synthesis Report" option in "Analysis and Synthesis Settings -> More Settings" to "Off".


+--------------------------------------------------------------------------+
; Parameter Settings for User Entity Instance: bancoReg:bancoRegistradores ;
+---------------------+-------+--------------------------------------------+
; Parameter Name      ; Value ; Type                                       ;
+---------------------+-------+--------------------------------------------+
; larguradados        ; 32    ; Signed Integer                             ;
; larguraendbancoregs ; 5     ; Signed Integer                             ;
+---------------------+-------+--------------------------------------------+
Note: In order to hide this table in the UI and the text report file, please set the "Show Parameter Settings in Synthesis Report" option in "Analysis and Synthesis Settings -> More Settings" to "Off".


+------------------------------------------------------------------------------+
; Parameter Settings for User Entity Instance: muxGenerico2x1:mux_entrada_regs ;
+----------------+-------+-----------------------------------------------------+
; Parameter Name ; Value ; Type                                                ;
+----------------+-------+-----------------------------------------------------+
; larguradados   ; 5     ; Signed Integer                                      ;
+----------------+-------+-----------------------------------------------------+
Note: In order to hide this table in the UI and the text report file, please set the "Show Parameter Settings in Synthesis Report" option in "Analysis and Synthesis Settings -> More Settings" to "Off".


+----------------------------------------------------------------------------------+
; Parameter Settings for User Entity Instance: estendeSinalGenerico:estensor_sinal ;
+--------------------+-------+-----------------------------------------------------+
; Parameter Name     ; Value ; Type                                                ;
+--------------------+-------+-----------------------------------------------------+
; larguradadoentrada ; 16    ; Signed Integer                                      ;
; larguradadosaida   ; 32    ; Signed Integer                                      ;
+--------------------+-------+-----------------------------------------------------+
Note: In order to hide this table in the UI and the text report file, please set the "Show Parameter Settings in Synthesis Report" option in "Analysis and Synthesis Settings -> More Settings" to "Off".


+-------------------------------------------------------------+
; Parameter Settings for User Entity Instance: ULASomaSub:ULA ;
+----------------+-------+------------------------------------+
; Parameter Name ; Value ; Type                               ;
+----------------+-------+------------------------------------+
; larguradados   ; 32    ; Signed Integer                     ;
+----------------+-------+------------------------------------+
Note: In order to hide this table in the UI and the text report file, please set the "Show Parameter Settings in Synthesis Report" option in "Analysis and Synthesis Settings -> More Settings" to "Off".


+----------------------------------------------------------+
; Parameter Settings for User Entity Instance: RAMMIPS:RAM ;
+-----------------+-------+--------------------------------+
; Parameter Name  ; Value ; Type                           ;
+-----------------+-------+--------------------------------+
; datawidth       ; 32    ; Signed Integer                 ;
; addrwidth       ; 32    ; Signed Integer                 ;
; memoryaddrwidth ; 6     ; Signed Integer                 ;
+-----------------+-------+--------------------------------+
Note: In order to hide this table in the UI and the text report file, please set the "Show Parameter Settings in Synthesis Report" option in "Analysis and Synthesis Settings -> More Settings" to "Off".


+-----------------------------------------------------------------------+
; Parameter Settings for User Entity Instance: muxGenerico2x1:MUX_Saida ;
+----------------+-------+----------------------------------------------+
; Parameter Name ; Value ; Type                                         ;
+----------------+-------+----------------------------------------------+
; larguradados   ; 32    ; Signed Integer                               ;
+----------------+-------+----------------------------------------------+
Note: In order to hide this table in the UI and the text report file, please set the "Show Parameter Settings in Synthesis Report" option in "Analysis and Synthesis Settings -> More Settings" to "Off".


+---------------------------------------------------------------------------------------------------------------------------+
; Analysis & Elaboration Settings                                                                                           ;
+---------------------------------------------------------------------------------+--------------------+--------------------+
; Option                                                                          ; Setting            ; Default Value      ;
+---------------------------------------------------------------------------------+--------------------+--------------------+
; Device                                                                          ; 5CEBA4F23C7        ;                    ;
; Top-level entity name                                                           ; aula_13            ; aula_13            ;
; Family name                                                                     ; Cyclone V          ; Cyclone V          ;
; VHDL Show LMF Mapping Messages                                                  ; Off                ;                    ;
; VHDL Version                                                                    ; VHDL_2008          ; VHDL_1993          ;
; Use smart compilation                                                           ; Off                ; Off                ;
; Enable parallel Assembler and Timing Analyzer during compilation                ; On                 ; On                 ;
; Enable compact report table                                                     ; Off                ; Off                ;
; Restructure Multiplexers                                                        ; Auto               ; Auto               ;
; MLAB Add Timing Constraints For Mixed-Port Feed-Through Mode Setting Don't Care ; Off                ; Off                ;
; Create Debugging Nodes for IP Cores                                             ; Off                ; Off                ;
; Preserve fewer node names                                                       ; On                 ; On                 ;
; Intel FPGA IP Evaluation Mode                                                   ; Enable             ; Enable             ;
; Verilog Version                                                                 ; Verilog_2001       ; Verilog_2001       ;
; State Machine Processing                                                        ; Auto               ; Auto               ;
; Safe State Machine                                                              ; Off                ; Off                ;
; Extract Verilog State Machines                                                  ; On                 ; On                 ;
; Extract VHDL State Machines                                                     ; On                 ; On                 ;
; Ignore Verilog initial constructs                                               ; Off                ; Off                ;
; Iteration limit for constant Verilog loops                                      ; 5000               ; 5000               ;
; Iteration limit for non-constant Verilog loops                                  ; 250                ; 250                ;
; Add Pass-Through Logic to Inferred RAMs                                         ; On                 ; On                 ;
; Infer RAMs from Raw Logic                                                       ; On                 ; On                 ;
; Parallel Synthesis                                                              ; On                 ; On                 ;
; DSP Block Balancing                                                             ; Auto               ; Auto               ;
; NOT Gate Push-Back                                                              ; On                 ; On                 ;
; Power-Up Don't Care                                                             ; On                 ; On                 ;
; Remove Redundant Logic Cells                                                    ; Off                ; Off                ;
; Remove Duplicate Registers                                                      ; On                 ; On                 ;
; Ignore CARRY Buffers                                                            ; Off                ; Off                ;
; Ignore CASCADE Buffers                                                          ; Off                ; Off                ;
; Ignore GLOBAL Buffers                                                           ; Off                ; Off                ;
; Ignore ROW GLOBAL Buffers                                                       ; Off                ; Off                ;
; Ignore LCELL Buffers                                                            ; Off                ; Off                ;
; Ignore SOFT Buffers                                                             ; On                 ; On                 ;
; Limit AHDL Integers to 32 Bits                                                  ; Off                ; Off                ;
; Optimization Technique                                                          ; Balanced           ; Balanced           ;
; Carry Chain Length                                                              ; 70                 ; 70                 ;
; Auto Carry Chains                                                               ; On                 ; On                 ;
; Auto Open-Drain Pins                                                            ; On                 ; On                 ;
; Perform WYSIWYG Primitive Resynthesis                                           ; Off                ; Off                ;
; Auto ROM Replacement                                                            ; On                 ; On                 ;
; Auto RAM Replacement                                                            ; On                 ; On                 ;
; Auto DSP Block Replacement                                                      ; On                 ; On                 ;
; Auto Shift Register Replacement                                                 ; Auto               ; Auto               ;
; Allow Shift Register Merging across Hierarchies                                 ; Auto               ; Auto               ;
; Auto Clock Enable Replacement                                                   ; On                 ; On                 ;
; Strict RAM Replacement                                                          ; Off                ; Off                ;
; Allow Synchronous Control Signals                                               ; On                 ; On                 ;
; Force Use of Synchronous Clear Signals                                          ; Off                ; Off                ;
; Auto Resource Sharing                                                           ; Off                ; Off                ;
; Allow Any RAM Size For Recognition                                              ; Off                ; Off                ;
; Allow Any ROM Size For Recognition                                              ; Off                ; Off                ;
; Allow Any Shift Register Size For Recognition                                   ; Off                ; Off                ;
; Use LogicLock Constraints during Resource Balancing                             ; On                 ; On                 ;
; Ignore translate_off and synthesis_off directives                               ; Off                ; Off                ;
; Timing-Driven Synthesis                                                         ; On                 ; On                 ;
; Report Parameter Settings                                                       ; On                 ; On                 ;
; Report Source Assignments                                                       ; On                 ; On                 ;
; Report Connectivity Checks                                                      ; On                 ; On                 ;
; Ignore Maximum Fan-Out Assignments                                              ; Off                ; Off                ;
; Synchronization Register Chain Length                                           ; 3                  ; 3                  ;
; Power Optimization During Synthesis                                             ; Normal compilation ; Normal compilation ;
; HDL message level                                                               ; Level2             ; Level2             ;
; Suppress Register Optimization Related Messages                                 ; Off                ; Off                ;
; Number of Removed Registers Reported in Synthesis Report                        ; 5000               ; 5000               ;
; Number of Swept Nodes Reported in Synthesis Report                              ; 5000               ; 5000               ;
; Number of Inverted Registers Reported in Synthesis Report                       ; 100                ; 100                ;
; Clock MUX Protection                                                            ; On                 ; On                 ;
; Auto Gated Clock Conversion                                                     ; Off                ; Off                ;
; Block Design Naming                                                             ; Auto               ; Auto               ;
; SDC constraint protection                                                       ; Off                ; Off                ;
; Synthesis Effort                                                                ; Auto               ; Auto               ;
; Shift Register Replacement - Allow Asynchronous Clear Signal                    ; On                 ; On                 ;
; Pre-Mapping Resynthesis Optimization                                            ; Off                ; Off                ;
; Analysis & Synthesis Message Level                                              ; Medium             ; Medium             ;
; Disable Register Merging Across Hierarchies                                     ; Auto               ; Auto               ;
; Resource Aware Inference For Block RAM                                          ; On                 ; On                 ;
; Automatic Parallel Synthesis                                                    ; On                 ; On                 ;
; Partial Reconfiguration Bitstream ID                                            ; Off                ; Off                ;
+---------------------------------------------------------------------------------+--------------------+--------------------+


+----------------------------------------------------+
; Port Connectivity Checks: "conversorHex7Seg:DEC_5" ;
+----------+-------+----------+----------------------+
; Port     ; Type  ; Severity ; Details              ;
+----------+-------+----------+----------------------+
; apaga    ; Input ; Info     ; Stuck at GND         ;
; negativo ; Input ; Info     ; Stuck at GND         ;
; overflow ; Input ; Info     ; Stuck at GND         ;
+----------+-------+----------+----------------------+


+----------------------------------------------------+
; Port Connectivity Checks: "conversorHex7Seg:DEC_4" ;
+----------+-------+----------+----------------------+
; Port     ; Type  ; Severity ; Details              ;
+----------+-------+----------+----------------------+
; apaga    ; Input ; Info     ; Stuck at GND         ;
; negativo ; Input ; Info     ; Stuck at GND         ;
; overflow ; Input ; Info     ; Stuck at GND         ;
+----------+-------+----------+----------------------+


+----------------------------------------------------+
; Port Connectivity Checks: "conversorHex7Seg:DEC_3" ;
+----------+-------+----------+----------------------+
; Port     ; Type  ; Severity ; Details              ;
+----------+-------+----------+----------------------+
; apaga    ; Input ; Info     ; Stuck at GND         ;
; negativo ; Input ; Info     ; Stuck at GND         ;
; overflow ; Input ; Info     ; Stuck at GND         ;
+----------+-------+----------+----------------------+


+----------------------------------------------------+
; Port Connectivity Checks: "conversorHex7Seg:DEC_2" ;
+----------+-------+----------+----------------------+
; Port     ; Type  ; Severity ; Details              ;
+----------+-------+----------+----------------------+
; apaga    ; Input ; Info     ; Stuck at GND         ;
; negativo ; Input ; Info     ; Stuck at GND         ;
; overflow ; Input ; Info     ; Stuck at GND         ;
+----------+-------+----------+----------------------+


+----------------------------------------------------+
; Port Connectivity Checks: "conversorHex7Seg:DEC_1" ;
+----------+-------+----------+----------------------+
; Port     ; Type  ; Severity ; Details              ;
+----------+-------+----------+----------------------+
; apaga    ; Input ; Info     ; Stuck at GND         ;
; negativo ; Input ; Info     ; Stuck at GND         ;
; overflow ; Input ; Info     ; Stuck at GND         ;
+----------+-------+----------+----------------------+


+----------------------------------------------------+
; Port Connectivity Checks: "conversorHex7Seg:DEC_0" ;
+----------+-------+----------+----------------------+
; Port     ; Type  ; Severity ; Details              ;
+----------+-------+----------+----------------------+
; apaga    ; Input ; Info     ; Stuck at GND         ;
; negativo ; Input ; Info     ; Stuck at GND         ;
; overflow ; Input ; Info     ; Stuck at GND         ;
+----------+-------+----------+----------------------+


+--------------------------------------------------------------------------------------------------------------------+
; Port Connectivity Checks: "RAMMIPS:RAM"                                                                            ;
+----------+--------+----------+-------------------------------------------------------------------------------------+
; Port     ; Type   ; Severity ; Details                                                                             ;
+----------+--------+----------+-------------------------------------------------------------------------------------+
; dado_out ; Output ; Info     ; Connected to dangling logic. Logic that only feeds a dangling port will be removed. ;
+----------+--------+----------+-------------------------------------------------------------------------------------+


+----------------------------------------------------+
; Port Connectivity Checks: "somadorGenerico:INC_PC" ;
+-----------------+-------+----------+---------------+
; Port            ; Type  ; Severity ; Details       ;
+-----------------+-------+----------+---------------+
; entradab[31..3] ; Input ; Info     ; Stuck at GND  ;
; entradab[1..0]  ; Input ; Info     ; Stuck at GND  ;
; entradab[2]     ; Input ; Info     ; Stuck at VCC  ;
+-----------------+-------+----------+---------------+


+--------------------------------------------------------+
; Port Connectivity Checks: "registradorGenerico:REG_PC" ;
+--------+-------+----------+----------------------------+
; Port   ; Type  ; Severity ; Details                    ;
+--------+-------+----------+----------------------------+
; enable ; Input ; Info     ; Stuck at VCC               ;
; rst    ; Input ; Info     ; Stuck at GND               ;
+--------+-------+----------+----------------------------+


+---------------------------------+
; Analysis & Elaboration Messages ;
+---------------------------------+
Info: *******************************************************************
Info: Running Quartus Prime Analysis & Elaboration
    Info: Version 20.1.0 Build 711 06/05/2020 SJ Lite Edition
    Info: Processing started: Tue May 16 20:48:14 2023
Info: Command: quartus_map --read_settings_files=on --write_settings_files=off aula_13 -c aula_13 --analysis_and_elaboration
Warning (18236): Number of processors has not been specified which may cause overloading on shared machines.  Set the global assignment NUM_PARALLEL_PROCESSORS in your QSF to an appropriate value for best performance.
Info (20030): Parallel compilation is enabled and will use 4 of the 4 processors detected
Info (12021): Found 2 design units, including 1 entities, in source file aula_13.vhd
    Info (12022): Found design unit 1: aula_13-arquitetura File: /home/antonio/Desktop/Desing_Computadores/MIPS/aula_13.vhd Line: 29
    Info (12023): Found entity 1: aula_13 File: /home/antonio/Desktop/Desing_Computadores/MIPS/aula_13.vhd Line: 5
Info (12021): Found 2 design units, including 1 entities, in source file bancoReg.vhd
    Info (12022): Found design unit 1: bancoReg-comportamento File: /home/antonio/Desktop/Desing_Computadores/MIPS/bancoReg.vhd Line: 30
    Info (12023): Found entity 1: bancoReg File: /home/antonio/Desktop/Desing_Computadores/MIPS/bancoReg.vhd Line: 7
Info (12021): Found 2 design units, including 1 entities, in source file ULASomaSub.vhd
    Info (12022): Found design unit 1: ULASomaSub-comportamento File: /home/antonio/Desktop/Desing_Computadores/MIPS/ULASomaSub.vhd Line: 14
    Info (12023): Found entity 1: ULASomaSub File: /home/antonio/Desktop/Desing_Computadores/MIPS/ULASomaSub.vhd Line: 5
Info (12021): Found 2 design units, including 1 entities, in source file registradorGenerico.vhd
    Info (12022): Found design unit 1: registradorGenerico-comportamento File: /home/antonio/Desktop/Desing_Computadores/MIPS/registradorGenerico.vhd Line: 15
    Info (12023): Found entity 1: registradorGenerico File: /home/antonio/Desktop/Desing_Computadores/MIPS/registradorGenerico.vhd Line: 4
Info (12021): Found 2 design units, including 1 entities, in source file SomadorGenerico.vhd
    Info (12022): Found design unit 1: somadorGenerico-comportamento File: /home/antonio/Desktop/Desing_Computadores/MIPS/SomadorGenerico.vhd Line: 17
    Info (12023): Found entity 1: somadorGenerico File: /home/antonio/Desktop/Desing_Computadores/MIPS/SomadorGenerico.vhd Line: 5
Info (12021): Found 2 design units, including 1 entities, in source file ROMMIPS.vhd
    Info (12022): Found design unit 1: ROMMIPS-assincrona File: /home/antonio/Desktop/Desing_Computadores/MIPS/ROMMIPS.vhd Line: 15
    Info (12023): Found entity 1: ROMMIPS File: /home/antonio/Desktop/Desing_Computadores/MIPS/ROMMIPS.vhd Line: 5
Info (12021): Found 2 design units, including 1 entities, in source file RAMMIPS.vhd
    Info (12022): Found design unit 1: RAMMIPS-assincrona File: /home/antonio/Desktop/Desing_Computadores/MIPS/RAMMIPS.vhd Line: 18
    Info (12023): Found entity 1: RAMMIPS File: /home/antonio/Desktop/Desing_Computadores/MIPS/RAMMIPS.vhd Line: 5
Info (12021): Found 2 design units, including 1 entities, in source file estendeSinalGenerico.vhd
    Info (12022): Found design unit 1: estendeSinalGenerico-comportamento File: /home/antonio/Desktop/Desing_Computadores/MIPS/estendeSinalGenerico.vhd Line: 19
    Info (12023): Found entity 1: estendeSinalGenerico File: /home/antonio/Desktop/Desing_Computadores/MIPS/estendeSinalGenerico.vhd Line: 4
Info (12021): Found 2 design units, including 1 entities, in source file muxGenerico2x1.vhd
    Info (12022): Found design unit 1: muxGenerico2x1-comportamento File: /home/antonio/Desktop/Desing_Computadores/MIPS/muxGenerico2x1.vhd Line: 14
    Info (12023): Found entity 1: muxGenerico2x1 File: /home/antonio/Desktop/Desing_Computadores/MIPS/muxGenerico2x1.vhd Line: 4
Info (12021): Found 2 design units, including 1 entities, in source file conversorHex7Seg.vhd
    Info (12022): Found design unit 1: conversorHex7Seg-comportamento File: /home/antonio/Desktop/Desing_Computadores/MIPS/conversorHex7Seg.vhd Line: 17
    Info (12023): Found entity 1: conversorHex7Seg File: /home/antonio/Desktop/Desing_Computadores/MIPS/conversorHex7Seg.vhd Line: 4
Info (12127): Elaborating entity "aula_13" for the top level hierarchy
Warning (10541): VHDL Signal Declaration warning at aula_13.vhd(41): used implicit default value for signal "sel_mux_entrada_reg" because signal was never assigned a value or an explicit default value. Use of implicit default value may introduce unintended design optimizations. File: /home/antonio/Desktop/Desing_Computadores/MIPS/aula_13.vhd Line: 41
Warning (10541): VHDL Signal Declaration warning at aula_13.vhd(47): used implicit default value for signal "we" because signal was never assigned a value or an explicit default value. Use of implicit default value may introduce unintended design optimizations. File: /home/antonio/Desktop/Desing_Computadores/MIPS/aula_13.vhd Line: 47
Warning (10541): VHDL Signal Declaration warning at aula_13.vhd(48): used implicit default value for signal "re" because signal was never assigned a value or an explicit default value. Use of implicit default value may introduce unintended design optimizations. File: /home/antonio/Desktop/Desing_Computadores/MIPS/aula_13.vhd Line: 48
Warning (10541): VHDL Signal Declaration warning at aula_13.vhd(49): used implicit default value for signal "ram_habilita" because signal was never assigned a value or an explicit default value. Use of implicit default value may introduce unintended design optimizations. File: /home/antonio/Desktop/Desing_Computadores/MIPS/aula_13.vhd Line: 49
Warning (10036): Verilog HDL or VHDL warning at aula_13.vhd(50): object "dado_lido" assigned a value but never read File: /home/antonio/Desktop/Desing_Computadores/MIPS/aula_13.vhd Line: 50
Info (12128): Elaborating entity "registradorGenerico" for hierarchy "registradorGenerico:REG_PC" File: /home/antonio/Desktop/Desing_Computadores/MIPS/aula_13.vhd Line: 69
Info (12128): Elaborating entity "somadorGenerico" for hierarchy "somadorGenerico:INC_PC" File: /home/antonio/Desktop/Desing_Computadores/MIPS/aula_13.vhd Line: 77
Info (12128): Elaborating entity "ROMMIPS" for hierarchy "ROMMIPS:ROM" File: /home/antonio/Desktop/Desing_Computadores/MIPS/aula_13.vhd Line: 83
Warning (10541): VHDL Signal Declaration warning at ROMMIPS.vhd(18): used implicit default value for signal "memROM" because signal was never assigned a value or an explicit default value. Use of implicit default value may introduce unintended design optimizations. File: /home/antonio/Desktop/Desing_Computadores/MIPS/ROMMIPS.vhd Line: 18
Info (12128): Elaborating entity "bancoReg" for hierarchy "bancoReg:bancoRegistradores" File: /home/antonio/Desktop/Desing_Computadores/MIPS/aula_13.vhd Line: 88
Info (12128): Elaborating entity "muxGenerico2x1" for hierarchy "muxGenerico2x1:mux_entrada_regs" File: /home/antonio/Desktop/Desing_Computadores/MIPS/aula_13.vhd Line: 99
Info (12128): Elaborating entity "estendeSinalGenerico" for hierarchy "estendeSinalGenerico:estensor_sinal" File: /home/antonio/Desktop/Desing_Computadores/MIPS/aula_13.vhd Line: 106
Info (12128): Elaborating entity "ULASomaSub" for hierarchy "ULASomaSub:ULA" File: /home/antonio/Desktop/Desing_Computadores/MIPS/aula_13.vhd Line: 110
Info (12128): Elaborating entity "RAMMIPS" for hierarchy "RAMMIPS:RAM" File: /home/antonio/Desktop/Desing_Computadores/MIPS/aula_13.vhd Line: 117
Info (12128): Elaborating entity "muxGenerico2x1" for hierarchy "muxGenerico2x1:MUX_Saida" File: /home/antonio/Desktop/Desing_Computadores/MIPS/aula_13.vhd Line: 133
Info (12128): Elaborating entity "conversorHex7Seg" for hierarchy "conversorHex7Seg:DEC_0" File: /home/antonio/Desktop/Desing_Computadores/MIPS/aula_13.vhd Line: 139
Info: Quartus Prime Analysis & Elaboration was successful. 0 errors, 7 warnings
    Info: Peak virtual memory: 787 megabytes
    Info: Processing ended: Tue May 16 20:48:21 2023
    Info: Elapsed time: 00:00:07
    Info: Total CPU time (on all processors): 00:00:17


