Analysis & Elaboration report for aula_13
Fri May 19 17:18:38 2023
Quartus Prime Version 20.1.0 Build 711 06/05/2020 SJ Lite Edition


---------------------
; Table of Contents ;
---------------------
  1. Legal Notice
  2. Analysis & Elaboration Summary
  3. Parallel Compilation
  4. Parameter Settings for User Entity Instance: Top-level Entity: |aula_13
  5. Parameter Settings for User Entity Instance: ROMMIPS:ROM
  6. Parameter Settings for User Entity Instance: somadorGenerico:INC_PC
  7. Parameter Settings for User Entity Instance: muxGenerico2x1:MUX_Entrada_PC
  8. Parameter Settings for User Entity Instance: registradorGenerico:REG_PC
  9. Parameter Settings for User Entity Instance: registradorGenerico:REG_ifid
 10. Parameter Settings for User Entity Instance: bancoReg:bancoRegistradores
 11. Parameter Settings for User Entity Instance: estendeSinalGenerico:estensor_sinal
 12. Parameter Settings for User Entity Instance: registradorGenerico:REG_idex
 13. Parameter Settings for User Entity Instance: somadorGenerico:soma_pc_etx
 14. Parameter Settings for User Entity Instance: decoderULA:decoder_ula|muxGenerico2x1:mux_dec_ula
 15. Parameter Settings for User Entity Instance: ULAMips:ULA
 16. Parameter Settings for User Entity Instance: muxGenerico2x1:mux_rt_exsig
 17. Parameter Settings for User Entity Instance: muxGenerico2x1:mux_entrada_regs
 18. Parameter Settings for User Entity Instance: muxGenerico2x1:MUX_BEQ
 19. Parameter Settings for User Entity Instance: RAMMIPS:RAM
 20. Parameter Settings for User Entity Instance: muxGenerico2x1:MUX_ULA_Mem
 21. Parameter Settings for User Entity Instance: muxGenerico2x1:MUX_Saida_Placa
 22. Analysis & Elaboration Settings
 23. Port Connectivity Checks: "conversorHex7Seg:DEC_5"
 24. Port Connectivity Checks: "conversorHex7Seg:DEC_4"
 25. Port Connectivity Checks: "conversorHex7Seg:DEC_3"
 26. Port Connectivity Checks: "conversorHex7Seg:DEC_2"
 27. Port Connectivity Checks: "conversorHex7Seg:DEC_1"
 28. Port Connectivity Checks: "conversorHex7Seg:DEC_0"
 29. Port Connectivity Checks: "ULAMips:ULA|ULA_generica:ULA30"
 30. Port Connectivity Checks: "ULAMips:ULA|ULA_generica:ULA29"
 31. Port Connectivity Checks: "ULAMips:ULA|ULA_generica:ULA28"
 32. Port Connectivity Checks: "ULAMips:ULA|ULA_generica:ULA27"
 33. Port Connectivity Checks: "ULAMips:ULA|ULA_generica:ULA26"
 34. Port Connectivity Checks: "ULAMips:ULA|ULA_generica:ULA25"
 35. Port Connectivity Checks: "ULAMips:ULA|ULA_generica:ULA24"
 36. Port Connectivity Checks: "ULAMips:ULA|ULA_generica:ULA23"
 37. Port Connectivity Checks: "ULAMips:ULA|ULA_generica:ULA22"
 38. Port Connectivity Checks: "ULAMips:ULA|ULA_generica:ULA21"
 39. Port Connectivity Checks: "ULAMips:ULA|ULA_generica:ULA20"
 40. Port Connectivity Checks: "ULAMips:ULA|ULA_generica:ULA19"
 41. Port Connectivity Checks: "ULAMips:ULA|ULA_generica:ULA18"
 42. Port Connectivity Checks: "ULAMips:ULA|ULA_generica:ULA17"
 43. Port Connectivity Checks: "ULAMips:ULA|ULA_generica:ULA16"
 44. Port Connectivity Checks: "ULAMips:ULA|ULA_generica:ULA15"
 45. Port Connectivity Checks: "ULAMips:ULA|ULA_generica:ULA14"
 46. Port Connectivity Checks: "ULAMips:ULA|ULA_generica:ULA13"
 47. Port Connectivity Checks: "ULAMips:ULA|ULA_generica:ULA12"
 48. Port Connectivity Checks: "ULAMips:ULA|ULA_generica:ULA11"
 49. Port Connectivity Checks: "ULAMips:ULA|ULA_generica:ULA10"
 50. Port Connectivity Checks: "ULAMips:ULA|ULA_generica:ULA9"
 51. Port Connectivity Checks: "ULAMips:ULA|ULA_generica:ULA8"
 52. Port Connectivity Checks: "ULAMips:ULA|ULA_generica:ULA7"
 53. Port Connectivity Checks: "ULAMips:ULA|ULA_generica:ULA6"
 54. Port Connectivity Checks: "ULAMips:ULA|ULA_generica:ULA5"
 55. Port Connectivity Checks: "ULAMips:ULA|ULA_generica:ULA4"
 56. Port Connectivity Checks: "ULAMips:ULA|ULA_generica:ULA3"
 57. Port Connectivity Checks: "ULAMips:ULA|ULA_generica:ULA2"
 58. Port Connectivity Checks: "ULAMips:ULA|ULA_generica:ULA1"
 59. Port Connectivity Checks: "ULAMips:ULA|ULA_31:ULA31"
 60. Port Connectivity Checks: "decoderULA:decoder_ula|muxGenerico2x1:mux_dec_ula"
 61. Port Connectivity Checks: "somadorGenerico:soma_pc_etx"
 62. Port Connectivity Checks: "registradorGenerico:REG_idex"
 63. Port Connectivity Checks: "registradorGenerico:REG_ifid"
 64. Port Connectivity Checks: "registradorGenerico:REG_PC"
 65. Port Connectivity Checks: "muxGenerico2x1:MUX_Entrada_PC"
 66. Port Connectivity Checks: "somadorGenerico:INC_PC"
 67. Analysis & Elaboration Messages



----------------
; Legal Notice ;
----------------
Copyright (C) 2020  Intel Corporation. All rights reserved.
Your use of Intel Corporation's design tools, logic functions 
and other software and tools, and any partner logic 
functions, and any output files from any of the foregoing 
(including device programming or simulation files), and any 
associated documentation or information are expressly subject 
to the terms and conditions of the Intel Program License 
Subscription Agreement, the Intel Quartus Prime License Agreement,
the Intel FPGA IP License Agreement, or other applicable license
agreement, including, without limitation, that your use is for
the sole purpose of programming logic devices manufactured by
Intel and sold by Intel or its authorized distributors.  Please
refer to the applicable agreement for further details, at
https://fpgasoftware.intel.com/eula.



+-----------------------------------------------------------------------------+
; Analysis & Elaboration Summary                                              ;
+-------------------------------+---------------------------------------------+
; Analysis & Elaboration Status ; Successful - Fri May 19 17:18:38 2023       ;
; Quartus Prime Version         ; 20.1.0 Build 711 06/05/2020 SJ Lite Edition ;
; Revision Name                 ; aula_13                                     ;
; Top-level Entity Name         ; aula_13                                     ;
; Family                        ; Cyclone V                                   ;
; Logic utilization (in ALMs)   ; N/A until Partition Merge                   ;
; Total registers               ; N/A until Partition Merge                   ;
; Total pins                    ; N/A until Partition Merge                   ;
; Total virtual pins            ; N/A until Partition Merge                   ;
; Total block memory bits       ; N/A until Partition Merge                   ;
; Total PLLs                    ; N/A until Partition Merge                   ;
; Total DLLs                    ; N/A until Partition Merge                   ;
+-------------------------------+---------------------------------------------+


+------------------------------------------+
; Parallel Compilation                     ;
+----------------------------+-------------+
; Processors                 ; Number      ;
+----------------------------+-------------+
; Number detected on machine ; 8           ;
; Maximum allowed            ; 4           ;
;                            ;             ;
; Average used               ; 1.00        ;
; Maximum used               ; 1           ;
;                            ;             ;
; Usage by Processor         ; % Time Used ;
;     Processor 1            ; 100.0%      ;
+----------------------------+-------------+


+-------------------------------------------------------------------------+
; Parameter Settings for User Entity Instance: Top-level Entity: |aula_13 ;
+------------------+-------+----------------------------------------------+
; Parameter Name   ; Value ; Type                                         ;
+------------------+-------+----------------------------------------------+
; larguraDados     ; 32    ; Signed Integer                               ;
; larguraEnderecos ; 32    ; Signed Integer                               ;
; simulacao        ; true  ; Enumerated                                   ;
+------------------+-------+----------------------------------------------+
Note: In order to hide this table in the UI and the text report file, please set the "Show Parameter Settings in Synthesis Report" option in "Analysis and Synthesis Settings -> More Settings" to "Off".


+----------------------------------------------------------+
; Parameter Settings for User Entity Instance: ROMMIPS:ROM ;
+-----------------+-------+--------------------------------+
; Parameter Name  ; Value ; Type                           ;
+-----------------+-------+--------------------------------+
; datawidth       ; 32    ; Signed Integer                 ;
; addrwidth       ; 32    ; Signed Integer                 ;
; memoryaddrwidth ; 6     ; Signed Integer                 ;
+-----------------+-------+--------------------------------+
Note: In order to hide this table in the UI and the text report file, please set the "Show Parameter Settings in Synthesis Report" option in "Analysis and Synthesis Settings -> More Settings" to "Off".


+---------------------------------------------------------------------+
; Parameter Settings for User Entity Instance: somadorGenerico:INC_PC ;
+----------------+-------+--------------------------------------------+
; Parameter Name ; Value ; Type                                       ;
+----------------+-------+--------------------------------------------+
; larguradados   ; 32    ; Signed Integer                             ;
+----------------+-------+--------------------------------------------+
Note: In order to hide this table in the UI and the text report file, please set the "Show Parameter Settings in Synthesis Report" option in "Analysis and Synthesis Settings -> More Settings" to "Off".


+----------------------------------------------------------------------------+
; Parameter Settings for User Entity Instance: muxGenerico2x1:MUX_Entrada_PC ;
+----------------+-------+---------------------------------------------------+
; Parameter Name ; Value ; Type                                              ;
+----------------+-------+---------------------------------------------------+
; larguradados   ; 32    ; Signed Integer                                    ;
+----------------+-------+---------------------------------------------------+
Note: In order to hide this table in the UI and the text report file, please set the "Show Parameter Settings in Synthesis Report" option in "Analysis and Synthesis Settings -> More Settings" to "Off".


+-------------------------------------------------------------------------+
; Parameter Settings for User Entity Instance: registradorGenerico:REG_PC ;
+----------------+-------+------------------------------------------------+
; Parameter Name ; Value ; Type                                           ;
+----------------+-------+------------------------------------------------+
; larguradados   ; 32    ; Signed Integer                                 ;
+----------------+-------+------------------------------------------------+
Note: In order to hide this table in the UI and the text report file, please set the "Show Parameter Settings in Synthesis Report" option in "Analysis and Synthesis Settings -> More Settings" to "Off".


+---------------------------------------------------------------------------+
; Parameter Settings for User Entity Instance: registradorGenerico:REG_ifid ;
+----------------+-------+--------------------------------------------------+
; Parameter Name ; Value ; Type                                             ;
+----------------+-------+--------------------------------------------------+
; larguradados   ; 64    ; Signed Integer                                   ;
+----------------+-------+--------------------------------------------------+
Note: In order to hide this table in the UI and the text report file, please set the "Show Parameter Settings in Synthesis Report" option in "Analysis and Synthesis Settings -> More Settings" to "Off".


+--------------------------------------------------------------------------+
; Parameter Settings for User Entity Instance: bancoReg:bancoRegistradores ;
+---------------------+-------+--------------------------------------------+
; Parameter Name      ; Value ; Type                                       ;
+---------------------+-------+--------------------------------------------+
; larguradados        ; 32    ; Signed Integer                             ;
; larguraendbancoregs ; 5     ; Signed Integer                             ;
+---------------------+-------+--------------------------------------------+
Note: In order to hide this table in the UI and the text report file, please set the "Show Parameter Settings in Synthesis Report" option in "Analysis and Synthesis Settings -> More Settings" to "Off".


+----------------------------------------------------------------------------------+
; Parameter Settings for User Entity Instance: estendeSinalGenerico:estensor_sinal ;
+--------------------+-------+-----------------------------------------------------+
; Parameter Name     ; Value ; Type                                                ;
+--------------------+-------+-----------------------------------------------------+
; larguradadoentrada ; 16    ; Signed Integer                                      ;
; larguradadosaida   ; 32    ; Signed Integer                                      ;
+--------------------+-------+-----------------------------------------------------+
Note: In order to hide this table in the UI and the text report file, please set the "Show Parameter Settings in Synthesis Report" option in "Analysis and Synthesis Settings -> More Settings" to "Off".


+---------------------------------------------------------------------------+
; Parameter Settings for User Entity Instance: registradorGenerico:REG_idex ;
+----------------+-------+--------------------------------------------------+
; Parameter Name ; Value ; Type                                             ;
+----------------+-------+--------------------------------------------------+
; larguradados   ; 146   ; Signed Integer                                   ;
+----------------+-------+--------------------------------------------------+
Note: In order to hide this table in the UI and the text report file, please set the "Show Parameter Settings in Synthesis Report" option in "Analysis and Synthesis Settings -> More Settings" to "Off".


+--------------------------------------------------------------------------+
; Parameter Settings for User Entity Instance: somadorGenerico:soma_pc_etx ;
+----------------+-------+-------------------------------------------------+
; Parameter Name ; Value ; Type                                            ;
+----------------+-------+-------------------------------------------------+
; larguradados   ; 32    ; Signed Integer                                  ;
+----------------+-------+-------------------------------------------------+
Note: In order to hide this table in the UI and the text report file, please set the "Show Parameter Settings in Synthesis Report" option in "Analysis and Synthesis Settings -> More Settings" to "Off".


+------------------------------------------------------------------------------------------------+
; Parameter Settings for User Entity Instance: decoderULA:decoder_ula|muxGenerico2x1:mux_dec_ula ;
+----------------+-------+-----------------------------------------------------------------------+
; Parameter Name ; Value ; Type                                                                  ;
+----------------+-------+-----------------------------------------------------------------------+
; larguradados   ; 3     ; Signed Integer                                                        ;
+----------------+-------+-----------------------------------------------------------------------+
Note: In order to hide this table in the UI and the text report file, please set the "Show Parameter Settings in Synthesis Report" option in "Analysis and Synthesis Settings -> More Settings" to "Off".


+----------------------------------------------------------+
; Parameter Settings for User Entity Instance: ULAMips:ULA ;
+----------------+-------+---------------------------------+
; Parameter Name ; Value ; Type                            ;
+----------------+-------+---------------------------------+
; larguradados   ; 32    ; Signed Integer                  ;
+----------------+-------+---------------------------------+
Note: In order to hide this table in the UI and the text report file, please set the "Show Parameter Settings in Synthesis Report" option in "Analysis and Synthesis Settings -> More Settings" to "Off".


+--------------------------------------------------------------------------+
; Parameter Settings for User Entity Instance: muxGenerico2x1:mux_rt_exsig ;
+----------------+-------+-------------------------------------------------+
; Parameter Name ; Value ; Type                                            ;
+----------------+-------+-------------------------------------------------+
; larguradados   ; 32    ; Signed Integer                                  ;
+----------------+-------+-------------------------------------------------+
Note: In order to hide this table in the UI and the text report file, please set the "Show Parameter Settings in Synthesis Report" option in "Analysis and Synthesis Settings -> More Settings" to "Off".


+------------------------------------------------------------------------------+
; Parameter Settings for User Entity Instance: muxGenerico2x1:mux_entrada_regs ;
+----------------+-------+-----------------------------------------------------+
; Parameter Name ; Value ; Type                                                ;
+----------------+-------+-----------------------------------------------------+
; larguradados   ; 5     ; Signed Integer                                      ;
+----------------+-------+-----------------------------------------------------+
Note: In order to hide this table in the UI and the text report file, please set the "Show Parameter Settings in Synthesis Report" option in "Analysis and Synthesis Settings -> More Settings" to "Off".


+---------------------------------------------------------------------+
; Parameter Settings for User Entity Instance: muxGenerico2x1:MUX_BEQ ;
+----------------+-------+--------------------------------------------+
; Parameter Name ; Value ; Type                                       ;
+----------------+-------+--------------------------------------------+
; larguradados   ; 32    ; Signed Integer                             ;
+----------------+-------+--------------------------------------------+
Note: In order to hide this table in the UI and the text report file, please set the "Show Parameter Settings in Synthesis Report" option in "Analysis and Synthesis Settings -> More Settings" to "Off".


+----------------------------------------------------------+
; Parameter Settings for User Entity Instance: RAMMIPS:RAM ;
+-----------------+-------+--------------------------------+
; Parameter Name  ; Value ; Type                           ;
+-----------------+-------+--------------------------------+
; datawidth       ; 32    ; Signed Integer                 ;
; addrwidth       ; 32    ; Signed Integer                 ;
; memoryaddrwidth ; 6     ; Signed Integer                 ;
+-----------------+-------+--------------------------------+
Note: In order to hide this table in the UI and the text report file, please set the "Show Parameter Settings in Synthesis Report" option in "Analysis and Synthesis Settings -> More Settings" to "Off".


+-------------------------------------------------------------------------+
; Parameter Settings for User Entity Instance: muxGenerico2x1:MUX_ULA_Mem ;
+----------------+-------+------------------------------------------------+
; Parameter Name ; Value ; Type                                           ;
+----------------+-------+------------------------------------------------+
; larguradados   ; 32    ; Signed Integer                                 ;
+----------------+-------+------------------------------------------------+
Note: In order to hide this table in the UI and the text report file, please set the "Show Parameter Settings in Synthesis Report" option in "Analysis and Synthesis Settings -> More Settings" to "Off".


+-----------------------------------------------------------------------------+
; Parameter Settings for User Entity Instance: muxGenerico2x1:MUX_Saida_Placa ;
+----------------+-------+----------------------------------------------------+
; Parameter Name ; Value ; Type                                               ;
+----------------+-------+----------------------------------------------------+
; larguradados   ; 32    ; Signed Integer                                     ;
+----------------+-------+----------------------------------------------------+
Note: In order to hide this table in the UI and the text report file, please set the "Show Parameter Settings in Synthesis Report" option in "Analysis and Synthesis Settings -> More Settings" to "Off".


+---------------------------------------------------------------------------------------------------------------------------+
; Analysis & Elaboration Settings                                                                                           ;
+---------------------------------------------------------------------------------+--------------------+--------------------+
; Option                                                                          ; Setting            ; Default Value      ;
+---------------------------------------------------------------------------------+--------------------+--------------------+
; Device                                                                          ; 5CEBA4F23C7        ;                    ;
; Top-level entity name                                                           ; aula_13            ; aula_13            ;
; Family name                                                                     ; Cyclone V          ; Cyclone V          ;
; VHDL Show LMF Mapping Messages                                                  ; Off                ;                    ;
; VHDL Version                                                                    ; VHDL_2008          ; VHDL_1993          ;
; Use smart compilation                                                           ; Off                ; Off                ;
; Enable parallel Assembler and Timing Analyzer during compilation                ; On                 ; On                 ;
; Enable compact report table                                                     ; Off                ; Off                ;
; Restructure Multiplexers                                                        ; Auto               ; Auto               ;
; MLAB Add Timing Constraints For Mixed-Port Feed-Through Mode Setting Don't Care ; Off                ; Off                ;
; Create Debugging Nodes for IP Cores                                             ; Off                ; Off                ;
; Preserve fewer node names                                                       ; On                 ; On                 ;
; Intel FPGA IP Evaluation Mode                                                   ; Enable             ; Enable             ;
; Verilog Version                                                                 ; Verilog_2001       ; Verilog_2001       ;
; State Machine Processing                                                        ; Auto               ; Auto               ;
; Safe State Machine                                                              ; Off                ; Off                ;
; Extract Verilog State Machines                                                  ; On                 ; On                 ;
; Extract VHDL State Machines                                                     ; On                 ; On                 ;
; Ignore Verilog initial constructs                                               ; Off                ; Off                ;
; Iteration limit for constant Verilog loops                                      ; 5000               ; 5000               ;
; Iteration limit for non-constant Verilog loops                                  ; 250                ; 250                ;
; Add Pass-Through Logic to Inferred RAMs                                         ; On                 ; On                 ;
; Infer RAMs from Raw Logic                                                       ; On                 ; On                 ;
; Parallel Synthesis                                                              ; On                 ; On                 ;
; DSP Block Balancing                                                             ; Auto               ; Auto               ;
; NOT Gate Push-Back                                                              ; On                 ; On                 ;
; Power-Up Don't Care                                                             ; On                 ; On                 ;
; Remove Redundant Logic Cells                                                    ; Off                ; Off                ;
; Remove Duplicate Registers                                                      ; On                 ; On                 ;
; Ignore CARRY Buffers                                                            ; Off                ; Off                ;
; Ignore CASCADE Buffers                                                          ; Off                ; Off                ;
; Ignore GLOBAL Buffers                                                           ; Off                ; Off                ;
; Ignore ROW GLOBAL Buffers                                                       ; Off                ; Off                ;
; Ignore LCELL Buffers                                                            ; Off                ; Off                ;
; Ignore SOFT Buffers                                                             ; On                 ; On                 ;
; Limit AHDL Integers to 32 Bits                                                  ; Off                ; Off                ;
; Optimization Technique                                                          ; Balanced           ; Balanced           ;
; Carry Chain Length                                                              ; 70                 ; 70                 ;
; Auto Carry Chains                                                               ; On                 ; On                 ;
; Auto Open-Drain Pins                                                            ; On                 ; On                 ;
; Perform WYSIWYG Primitive Resynthesis                                           ; Off                ; Off                ;
; Auto ROM Replacement                                                            ; On                 ; On                 ;
; Auto RAM Replacement                                                            ; On                 ; On                 ;
; Auto DSP Block Replacement                                                      ; On                 ; On                 ;
; Auto Shift Register Replacement                                                 ; Auto               ; Auto               ;
; Allow Shift Register Merging across Hierarchies                                 ; Auto               ; Auto               ;
; Auto Clock Enable Replacement                                                   ; On                 ; On                 ;
; Strict RAM Replacement                                                          ; Off                ; Off                ;
; Allow Synchronous Control Signals                                               ; On                 ; On                 ;
; Force Use of Synchronous Clear Signals                                          ; Off                ; Off                ;
; Auto Resource Sharing                                                           ; Off                ; Off                ;
; Allow Any RAM Size For Recognition                                              ; Off                ; Off                ;
; Allow Any ROM Size For Recognition                                              ; Off                ; Off                ;
; Allow Any Shift Register Size For Recognition                                   ; Off                ; Off                ;
; Use LogicLock Constraints during Resource Balancing                             ; On                 ; On                 ;
; Ignore translate_off and synthesis_off directives                               ; Off                ; Off                ;
; Timing-Driven Synthesis                                                         ; On                 ; On                 ;
; Report Parameter Settings                                                       ; On                 ; On                 ;
; Report Source Assignments                                                       ; On                 ; On                 ;
; Report Connectivity Checks                                                      ; On                 ; On                 ;
; Ignore Maximum Fan-Out Assignments                                              ; Off                ; Off                ;
; Synchronization Register Chain Length                                           ; 3                  ; 3                  ;
; Power Optimization During Synthesis                                             ; Normal compilation ; Normal compilation ;
; HDL message level                                                               ; Level2             ; Level2             ;
; Suppress Register Optimization Related Messages                                 ; Off                ; Off                ;
; Number of Removed Registers Reported in Synthesis Report                        ; 5000               ; 5000               ;
; Number of Swept Nodes Reported in Synthesis Report                              ; 5000               ; 5000               ;
; Number of Inverted Registers Reported in Synthesis Report                       ; 100                ; 100                ;
; Clock MUX Protection                                                            ; On                 ; On                 ;
; Auto Gated Clock Conversion                                                     ; Off                ; Off                ;
; Block Design Naming                                                             ; Auto               ; Auto               ;
; SDC constraint protection                                                       ; Off                ; Off                ;
; Synthesis Effort                                                                ; Auto               ; Auto               ;
; Shift Register Replacement - Allow Asynchronous Clear Signal                    ; On                 ; On                 ;
; Pre-Mapping Resynthesis Optimization                                            ; Off                ; Off                ;
; Analysis & Synthesis Message Level                                              ; Medium             ; Medium             ;
; Disable Register Merging Across Hierarchies                                     ; Auto               ; Auto               ;
; Resource Aware Inference For Block RAM                                          ; On                 ; On                 ;
; Automatic Parallel Synthesis                                                    ; On                 ; On                 ;
; Partial Reconfiguration Bitstream ID                                            ; Off                ; Off                ;
+---------------------------------------------------------------------------------+--------------------+--------------------+


+----------------------------------------------------+
; Port Connectivity Checks: "conversorHex7Seg:DEC_5" ;
+----------+-------+----------+----------------------+
; Port     ; Type  ; Severity ; Details              ;
+----------+-------+----------+----------------------+
; apaga    ; Input ; Info     ; Stuck at GND         ;
; negativo ; Input ; Info     ; Stuck at GND         ;
; overflow ; Input ; Info     ; Stuck at GND         ;
+----------+-------+----------+----------------------+


+----------------------------------------------------+
; Port Connectivity Checks: "conversorHex7Seg:DEC_4" ;
+----------+-------+----------+----------------------+
; Port     ; Type  ; Severity ; Details              ;
+----------+-------+----------+----------------------+
; apaga    ; Input ; Info     ; Stuck at GND         ;
; negativo ; Input ; Info     ; Stuck at GND         ;
; overflow ; Input ; Info     ; Stuck at GND         ;
+----------+-------+----------+----------------------+


+----------------------------------------------------+
; Port Connectivity Checks: "conversorHex7Seg:DEC_3" ;
+----------+-------+----------+----------------------+
; Port     ; Type  ; Severity ; Details              ;
+----------+-------+----------+----------------------+
; apaga    ; Input ; Info     ; Stuck at GND         ;
; negativo ; Input ; Info     ; Stuck at GND         ;
; overflow ; Input ; Info     ; Stuck at GND         ;
+----------+-------+----------+----------------------+


+----------------------------------------------------+
; Port Connectivity Checks: "conversorHex7Seg:DEC_2" ;
+----------+-------+----------+----------------------+
; Port     ; Type  ; Severity ; Details              ;
+----------+-------+----------+----------------------+
; apaga    ; Input ; Info     ; Stuck at GND         ;
; negativo ; Input ; Info     ; Stuck at GND         ;
; overflow ; Input ; Info     ; Stuck at GND         ;
+----------+-------+----------+----------------------+


+----------------------------------------------------+
; Port Connectivity Checks: "conversorHex7Seg:DEC_1" ;
+----------+-------+----------+----------------------+
; Port     ; Type  ; Severity ; Details              ;
+----------+-------+----------+----------------------+
; apaga    ; Input ; Info     ; Stuck at GND         ;
; negativo ; Input ; Info     ; Stuck at GND         ;
; overflow ; Input ; Info     ; Stuck at GND         ;
+----------+-------+----------+----------------------+


+----------------------------------------------------+
; Port Connectivity Checks: "conversorHex7Seg:DEC_0" ;
+----------+-------+----------+----------------------+
; Port     ; Type  ; Severity ; Details              ;
+----------+-------+----------+----------------------+
; apaga    ; Input ; Info     ; Stuck at GND         ;
; negativo ; Input ; Info     ; Stuck at GND         ;
; overflow ; Input ; Info     ; Stuck at GND         ;
+----------+-------+----------+----------------------+


+------------------------------------------------------------+
; Port Connectivity Checks: "ULAMips:ULA|ULA_generica:ULA30" ;
+------+-------+----------+----------------------------------+
; Port ; Type  ; Severity ; Details                          ;
+------+-------+----------+----------------------------------+
; slt  ; Input ; Info     ; Stuck at GND                     ;
+------+-------+----------+----------------------------------+


+------------------------------------------------------------+
; Port Connectivity Checks: "ULAMips:ULA|ULA_generica:ULA29" ;
+------+-------+----------+----------------------------------+
; Port ; Type  ; Severity ; Details                          ;
+------+-------+----------+----------------------------------+
; slt  ; Input ; Info     ; Stuck at GND                     ;
+------+-------+----------+----------------------------------+


+------------------------------------------------------------+
; Port Connectivity Checks: "ULAMips:ULA|ULA_generica:ULA28" ;
+------+-------+----------+----------------------------------+
; Port ; Type  ; Severity ; Details                          ;
+------+-------+----------+----------------------------------+
; slt  ; Input ; Info     ; Stuck at GND                     ;
+------+-------+----------+----------------------------------+


+------------------------------------------------------------+
; Port Connectivity Checks: "ULAMips:ULA|ULA_generica:ULA27" ;
+------+-------+----------+----------------------------------+
; Port ; Type  ; Severity ; Details                          ;
+------+-------+----------+----------------------------------+
; slt  ; Input ; Info     ; Stuck at GND                     ;
+------+-------+----------+----------------------------------+


+------------------------------------------------------------+
; Port Connectivity Checks: "ULAMips:ULA|ULA_generica:ULA26" ;
+------+-------+----------+----------------------------------+
; Port ; Type  ; Severity ; Details                          ;
+------+-------+----------+----------------------------------+
; slt  ; Input ; Info     ; Stuck at GND                     ;
+------+-------+----------+----------------------------------+


+------------------------------------------------------------+
; Port Connectivity Checks: "ULAMips:ULA|ULA_generica:ULA25" ;
+------+-------+----------+----------------------------------+
; Port ; Type  ; Severity ; Details                          ;
+------+-------+----------+----------------------------------+
; slt  ; Input ; Info     ; Stuck at GND                     ;
+------+-------+----------+----------------------------------+


+------------------------------------------------------------+
; Port Connectivity Checks: "ULAMips:ULA|ULA_generica:ULA24" ;
+------+-------+----------+----------------------------------+
; Port ; Type  ; Severity ; Details                          ;
+------+-------+----------+----------------------------------+
; slt  ; Input ; Info     ; Stuck at GND                     ;
+------+-------+----------+----------------------------------+


+------------------------------------------------------------+
; Port Connectivity Checks: "ULAMips:ULA|ULA_generica:ULA23" ;
+------+-------+----------+----------------------------------+
; Port ; Type  ; Severity ; Details                          ;
+------+-------+----------+----------------------------------+
; slt  ; Input ; Info     ; Stuck at GND                     ;
+------+-------+----------+----------------------------------+


+------------------------------------------------------------+
; Port Connectivity Checks: "ULAMips:ULA|ULA_generica:ULA22" ;
+------+-------+----------+----------------------------------+
; Port ; Type  ; Severity ; Details                          ;
+------+-------+----------+----------------------------------+
; slt  ; Input ; Info     ; Stuck at GND                     ;
+------+-------+----------+----------------------------------+


+------------------------------------------------------------+
; Port Connectivity Checks: "ULAMips:ULA|ULA_generica:ULA21" ;
+------+-------+----------+----------------------------------+
; Port ; Type  ; Severity ; Details                          ;
+------+-------+----------+----------------------------------+
; slt  ; Input ; Info     ; Stuck at GND                     ;
+------+-------+----------+----------------------------------+


+------------------------------------------------------------+
; Port Connectivity Checks: "ULAMips:ULA|ULA_generica:ULA20" ;
+------+-------+----------+----------------------------------+
; Port ; Type  ; Severity ; Details                          ;
+------+-------+----------+----------------------------------+
; slt  ; Input ; Info     ; Stuck at GND                     ;
+------+-------+----------+----------------------------------+


+------------------------------------------------------------+
; Port Connectivity Checks: "ULAMips:ULA|ULA_generica:ULA19" ;
+------+-------+----------+----------------------------------+
; Port ; Type  ; Severity ; Details                          ;
+------+-------+----------+----------------------------------+
; slt  ; Input ; Info     ; Stuck at GND                     ;
+------+-------+----------+----------------------------------+


+------------------------------------------------------------+
; Port Connectivity Checks: "ULAMips:ULA|ULA_generica:ULA18" ;
+------+-------+----------+----------------------------------+
; Port ; Type  ; Severity ; Details                          ;
+------+-------+----------+----------------------------------+
; slt  ; Input ; Info     ; Stuck at GND                     ;
+------+-------+----------+----------------------------------+


+------------------------------------------------------------+
; Port Connectivity Checks: "ULAMips:ULA|ULA_generica:ULA17" ;
+------+-------+----------+----------------------------------+
; Port ; Type  ; Severity ; Details                          ;
+------+-------+----------+----------------------------------+
; slt  ; Input ; Info     ; Stuck at GND                     ;
+------+-------+----------+----------------------------------+


+------------------------------------------------------------+
; Port Connectivity Checks: "ULAMips:ULA|ULA_generica:ULA16" ;
+------+-------+----------+----------------------------------+
; Port ; Type  ; Severity ; Details                          ;
+------+-------+----------+----------------------------------+
; slt  ; Input ; Info     ; Stuck at GND                     ;
+------+-------+----------+----------------------------------+


+------------------------------------------------------------+
; Port Connectivity Checks: "ULAMips:ULA|ULA_generica:ULA15" ;
+------+-------+----------+----------------------------------+
; Port ; Type  ; Severity ; Details                          ;
+------+-------+----------+----------------------------------+
; slt  ; Input ; Info     ; Stuck at GND                     ;
+------+-------+----------+----------------------------------+


+------------------------------------------------------------+
; Port Connectivity Checks: "ULAMips:ULA|ULA_generica:ULA14" ;
+------+-------+----------+----------------------------------+
; Port ; Type  ; Severity ; Details                          ;
+------+-------+----------+----------------------------------+
; slt  ; Input ; Info     ; Stuck at GND                     ;
+------+-------+----------+----------------------------------+


+------------------------------------------------------------+
; Port Connectivity Checks: "ULAMips:ULA|ULA_generica:ULA13" ;
+------+-------+----------+----------------------------------+
; Port ; Type  ; Severity ; Details                          ;
+------+-------+----------+----------------------------------+
; slt  ; Input ; Info     ; Stuck at GND                     ;
+------+-------+----------+----------------------------------+


+------------------------------------------------------------+
; Port Connectivity Checks: "ULAMips:ULA|ULA_generica:ULA12" ;
+------+-------+----------+----------------------------------+
; Port ; Type  ; Severity ; Details                          ;
+------+-------+----------+----------------------------------+
; slt  ; Input ; Info     ; Stuck at GND                     ;
+------+-------+----------+----------------------------------+


+------------------------------------------------------------+
; Port Connectivity Checks: "ULAMips:ULA|ULA_generica:ULA11" ;
+------+-------+----------+----------------------------------+
; Port ; Type  ; Severity ; Details                          ;
+------+-------+----------+----------------------------------+
; slt  ; Input ; Info     ; Stuck at GND                     ;
+------+-------+----------+----------------------------------+


+------------------------------------------------------------+
; Port Connectivity Checks: "ULAMips:ULA|ULA_generica:ULA10" ;
+------+-------+----------+----------------------------------+
; Port ; Type  ; Severity ; Details                          ;
+------+-------+----------+----------------------------------+
; slt  ; Input ; Info     ; Stuck at GND                     ;
+------+-------+----------+----------------------------------+


+-----------------------------------------------------------+
; Port Connectivity Checks: "ULAMips:ULA|ULA_generica:ULA9" ;
+------+-------+----------+---------------------------------+
; Port ; Type  ; Severity ; Details                         ;
+------+-------+----------+---------------------------------+
; slt  ; Input ; Info     ; Stuck at GND                    ;
+------+-------+----------+---------------------------------+


+-----------------------------------------------------------+
; Port Connectivity Checks: "ULAMips:ULA|ULA_generica:ULA8" ;
+------+-------+----------+---------------------------------+
; Port ; Type  ; Severity ; Details                         ;
+------+-------+----------+---------------------------------+
; slt  ; Input ; Info     ; Stuck at GND                    ;
+------+-------+----------+---------------------------------+


+-----------------------------------------------------------+
; Port Connectivity Checks: "ULAMips:ULA|ULA_generica:ULA7" ;
+------+-------+----------+---------------------------------+
; Port ; Type  ; Severity ; Details                         ;
+------+-------+----------+---------------------------------+
; slt  ; Input ; Info     ; Stuck at GND                    ;
+------+-------+----------+---------------------------------+


+-----------------------------------------------------------+
; Port Connectivity Checks: "ULAMips:ULA|ULA_generica:ULA6" ;
+------+-------+----------+---------------------------------+
; Port ; Type  ; Severity ; Details                         ;
+------+-------+----------+---------------------------------+
; slt  ; Input ; Info     ; Stuck at GND                    ;
+------+-------+----------+---------------------------------+


+-----------------------------------------------------------+
; Port Connectivity Checks: "ULAMips:ULA|ULA_generica:ULA5" ;
+------+-------+----------+---------------------------------+
; Port ; Type  ; Severity ; Details                         ;
+------+-------+----------+---------------------------------+
; slt  ; Input ; Info     ; Stuck at GND                    ;
+------+-------+----------+---------------------------------+


+-----------------------------------------------------------+
; Port Connectivity Checks: "ULAMips:ULA|ULA_generica:ULA4" ;
+------+-------+----------+---------------------------------+
; Port ; Type  ; Severity ; Details                         ;
+------+-------+----------+---------------------------------+
; slt  ; Input ; Info     ; Stuck at GND                    ;
+------+-------+----------+---------------------------------+


+-----------------------------------------------------------+
; Port Connectivity Checks: "ULAMips:ULA|ULA_generica:ULA3" ;
+------+-------+----------+---------------------------------+
; Port ; Type  ; Severity ; Details                         ;
+------+-------+----------+---------------------------------+
; slt  ; Input ; Info     ; Stuck at GND                    ;
+------+-------+----------+---------------------------------+


+-----------------------------------------------------------+
; Port Connectivity Checks: "ULAMips:ULA|ULA_generica:ULA2" ;
+------+-------+----------+---------------------------------+
; Port ; Type  ; Severity ; Details                         ;
+------+-------+----------+---------------------------------+
; slt  ; Input ; Info     ; Stuck at GND                    ;
+------+-------+----------+---------------------------------+


+-----------------------------------------------------------+
; Port Connectivity Checks: "ULAMips:ULA|ULA_generica:ULA1" ;
+------+-------+----------+---------------------------------+
; Port ; Type  ; Severity ; Details                         ;
+------+-------+----------+---------------------------------+
; slt  ; Input ; Info     ; Stuck at GND                    ;
+------+-------+----------+---------------------------------+


+---------------------------------------------------------------------------------------------------------------------+
; Port Connectivity Checks: "ULAMips:ULA|ULA_31:ULA31"                                                                ;
+-----------+--------+----------+-------------------------------------------------------------------------------------+
; Port      ; Type   ; Severity ; Details                                                                             ;
+-----------+--------+----------+-------------------------------------------------------------------------------------+
; slt       ; Input  ; Info     ; Stuck at GND                                                                        ;
; carry_out ; Output ; Info     ; Connected to dangling logic. Logic that only feeds a dangling port will be removed. ;
+-----------+--------+----------+-------------------------------------------------------------------------------------+


+-------------------------------------------------------------------------------+
; Port Connectivity Checks: "decoderULA:decoder_ula|muxGenerico2x1:mux_dec_ula" ;
+-----------------+-------+----------+------------------------------------------+
; Port            ; Type  ; Severity ; Details                                  ;
+-----------------+-------+----------+------------------------------------------+
; entradaa_mux[1] ; Input ; Info     ; Stuck at VCC                             ;
; entradaa_mux[0] ; Input ; Info     ; Stuck at GND                             ;
+-----------------+-------+----------+------------------------------------------+


+---------------------------------------------------------+
; Port Connectivity Checks: "somadorGenerico:soma_pc_etx" ;
+----------------+-------+----------+---------------------+
; Port           ; Type  ; Severity ; Details             ;
+----------------+-------+----------+---------------------+
; entradab[1..0] ; Input ; Info     ; Stuck at GND        ;
+----------------+-------+----------+---------------------+


+------------------------------------------------------------------------------------------------------------------+
; Port Connectivity Checks: "registradorGenerico:REG_idex"                                                         ;
+--------+--------+----------+-------------------------------------------------------------------------------------+
; Port   ; Type   ; Severity ; Details                                                                             ;
+--------+--------+----------+-------------------------------------------------------------------------------------+
; dout   ; Output ; Info     ; Connected to dangling logic. Logic that only feeds a dangling port will be removed. ;
; enable ; Input  ; Info     ; Stuck at VCC                                                                        ;
; rst    ; Input  ; Info     ; Stuck at GND                                                                        ;
+--------+--------+----------+-------------------------------------------------------------------------------------+


+----------------------------------------------------------+
; Port Connectivity Checks: "registradorGenerico:REG_ifid" ;
+--------+-------+----------+------------------------------+
; Port   ; Type  ; Severity ; Details                      ;
+--------+-------+----------+------------------------------+
; enable ; Input ; Info     ; Stuck at VCC                 ;
; rst    ; Input ; Info     ; Stuck at GND                 ;
+--------+-------+----------+------------------------------+


+--------------------------------------------------------+
; Port Connectivity Checks: "registradorGenerico:REG_PC" ;
+--------+-------+----------+----------------------------+
; Port   ; Type  ; Severity ; Details                    ;
+--------+-------+----------+----------------------------+
; enable ; Input ; Info     ; Stuck at VCC               ;
; rst    ; Input ; Info     ; Stuck at GND               ;
+--------+-------+----------+----------------------------+


+-----------------------------------------------------------+
; Port Connectivity Checks: "muxGenerico2x1:MUX_Entrada_PC" ;
+--------------------+-------+----------+-------------------+
; Port               ; Type  ; Severity ; Details           ;
+--------------------+-------+----------+-------------------+
; entradab_mux[1..0] ; Input ; Info     ; Stuck at GND      ;
+--------------------+-------+----------+-------------------+


+----------------------------------------------------+
; Port Connectivity Checks: "somadorGenerico:INC_PC" ;
+-----------------+-------+----------+---------------+
; Port            ; Type  ; Severity ; Details       ;
+-----------------+-------+----------+---------------+
; entradab[31..3] ; Input ; Info     ; Stuck at GND  ;
; entradab[1..0]  ; Input ; Info     ; Stuck at GND  ;
; entradab[2]     ; Input ; Info     ; Stuck at VCC  ;
+-----------------+-------+----------+---------------+


+---------------------------------+
; Analysis & Elaboration Messages ;
+---------------------------------+
Info: *******************************************************************
Info: Running Quartus Prime Analysis & Elaboration
    Info: Version 20.1.0 Build 711 06/05/2020 SJ Lite Edition
    Info: Processing started: Fri May 19 17:18:32 2023
Info: Command: quartus_map --read_settings_files=on --write_settings_files=off aula_13 -c aula_13 --analysis_and_elaboration
Warning (18236): Number of processors has not been specified which may cause overloading on shared machines.  Set the global assignment NUM_PARALLEL_PROCESSORS in your QSF to an appropriate value for best performance.
Info (20030): Parallel compilation is enabled and will use 4 of the 4 processors detected
Info (12021): Found 2 design units, including 1 entities, in source file aula_13.vhd
    Info (12022): Found design unit 1: aula_13-arquitetura File: /home/antonio/Desktop/Desing_Computadores/MIPS/aula_13.vhd Line: 27
    Info (12023): Found entity 1: aula_13 File: /home/antonio/Desktop/Desing_Computadores/MIPS/aula_13.vhd Line: 5
Info (12021): Found 2 design units, including 1 entities, in source file ULAMips.vhd
    Info (12022): Found design unit 1: ULAMips-comportamento File: /home/antonio/Desktop/Desing_Computadores/MIPS/ULAMips.vhd Line: 16
    Info (12023): Found entity 1: ULAMips File: /home/antonio/Desktop/Desing_Computadores/MIPS/ULAMips.vhd Line: 5
Info (12021): Found 2 design units, including 1 entities, in source file ULA_generica.vhd
    Info (12022): Found design unit 1: ULA_generica-comportamento File: /home/antonio/Desktop/Desing_Computadores/MIPS/ULA_generica.vhd Line: 15
    Info (12023): Found entity 1: ULA_generica File: /home/antonio/Desktop/Desing_Computadores/MIPS/ULA_generica.vhd Line: 5
Info (12021): Found 2 design units, including 1 entities, in source file ULA_31.vhd
    Info (12022): Found design unit 1: ULA_31-comportamento File: /home/antonio/Desktop/Desing_Computadores/MIPS/ULA_31.vhd Line: 15
    Info (12023): Found entity 1: ULA_31 File: /home/antonio/Desktop/Desing_Computadores/MIPS/ULA_31.vhd Line: 5
Info (12021): Found 2 design units, including 1 entities, in source file SomadorGenerico.vhd
    Info (12022): Found design unit 1: somadorGenerico-comportamento File: /home/antonio/Desktop/Desing_Computadores/MIPS/SomadorGenerico.vhd Line: 17
    Info (12023): Found entity 1: somadorGenerico File: /home/antonio/Desktop/Desing_Computadores/MIPS/SomadorGenerico.vhd Line: 5
Info (12021): Found 2 design units, including 1 entities, in source file soma_bit.vhd
    Info (12022): Found design unit 1: soma_bit-comportamento File: /home/antonio/Desktop/Desing_Computadores/MIPS/soma_bit.vhd Line: 15
    Info (12023): Found entity 1: soma_bit File: /home/antonio/Desktop/Desing_Computadores/MIPS/soma_bit.vhd Line: 5
Info (12021): Found 2 design units, including 1 entities, in source file ROMMIPS.vhd
    Info (12022): Found design unit 1: ROMMIPS-assincrona File: /home/antonio/Desktop/Desing_Computadores/MIPS/ROMMIPS.vhd Line: 15
    Info (12023): Found entity 1: ROMMIPS File: /home/antonio/Desktop/Desing_Computadores/MIPS/ROMMIPS.vhd Line: 5
Info (12021): Found 2 design units, including 1 entities, in source file registradorGenerico.vhd
    Info (12022): Found design unit 1: registradorGenerico-comportamento File: /home/antonio/Desktop/Desing_Computadores/MIPS/registradorGenerico.vhd Line: 15
    Info (12023): Found entity 1: registradorGenerico File: /home/antonio/Desktop/Desing_Computadores/MIPS/registradorGenerico.vhd Line: 4
Info (12021): Found 2 design units, including 1 entities, in source file RAMMIPS.vhd
    Info (12022): Found design unit 1: RAMMIPS-assincrona File: /home/antonio/Desktop/Desing_Computadores/MIPS/RAMMIPS.vhd Line: 18
    Info (12023): Found entity 1: RAMMIPS File: /home/antonio/Desktop/Desing_Computadores/MIPS/RAMMIPS.vhd Line: 5
Info (12021): Found 2 design units, including 1 entities, in source file muxGenerico2x1.vhd
    Info (12022): Found design unit 1: muxGenerico2x1-comportamento File: /home/antonio/Desktop/Desing_Computadores/MIPS/muxGenerico2x1.vhd Line: 14
    Info (12023): Found entity 1: muxGenerico2x1 File: /home/antonio/Desktop/Desing_Computadores/MIPS/muxGenerico2x1.vhd Line: 4
Info (12021): Found 2 design units, including 1 entities, in source file muxBit4x2.vhd
    Info (12022): Found design unit 1: muxBit4x2-comportamento File: /home/antonio/Desktop/Desing_Computadores/MIPS/muxBit4x2.vhd Line: 13
    Info (12023): Found entity 1: muxBit4x2 File: /home/antonio/Desktop/Desing_Computadores/MIPS/muxBit4x2.vhd Line: 4
Info (12021): Found 2 design units, including 1 entities, in source file muxBit.vhd
    Info (12022): Found design unit 1: muxBit-comportamento File: /home/antonio/Desktop/Desing_Computadores/MIPS/muxBit.vhd Line: 13
    Info (12023): Found entity 1: muxBit File: /home/antonio/Desktop/Desing_Computadores/MIPS/muxBit.vhd Line: 4
Info (12021): Found 2 design units, including 1 entities, in source file estendeSinalGenerico.vhd
    Info (12022): Found design unit 1: estendeSinalGenerico-comportamento File: /home/antonio/Desktop/Desing_Computadores/MIPS/estendeSinalGenerico.vhd Line: 19
    Info (12023): Found entity 1: estendeSinalGenerico File: /home/antonio/Desktop/Desing_Computadores/MIPS/estendeSinalGenerico.vhd Line: 4
Info (12021): Found 3 design units, including 1 entities, in source file edgeDetector.vhd
    Info (12022): Found design unit 1: edgeDetector-bordaSubida File: /home/antonio/Desktop/Desing_Computadores/MIPS/edgeDetector.vhd Line: 10
    Info (12022): Found design unit 2: edgeDetector-bordaDescida File: /home/antonio/Desktop/Desing_Computadores/MIPS/edgeDetector.vhd Line: 23
    Info (12023): Found entity 1: edgeDetector File: /home/antonio/Desktop/Desing_Computadores/MIPS/edgeDetector.vhd Line: 4
Info (12021): Found 2 design units, including 1 entities, in source file decoderULA.vhd
    Info (12022): Found design unit 1: decoderULA-comportamento File: /home/antonio/Desktop/Desing_Computadores/MIPS/decoderULA.vhd Line: 12
    Info (12023): Found entity 1: decoderULA File: /home/antonio/Desktop/Desing_Computadores/MIPS/decoderULA.vhd Line: 4
Info (12021): Found 2 design units, including 1 entities, in source file decoderInstru.vhd
    Info (12022): Found design unit 1: decoderInstru-comportamento File: /home/antonio/Desktop/Desing_Computadores/MIPS/decoderInstru.vhd Line: 11
    Info (12023): Found entity 1: decoderInstru File: /home/antonio/Desktop/Desing_Computadores/MIPS/decoderInstru.vhd Line: 4
Info (12021): Found 2 design units, including 1 entities, in source file conversorHex7Seg.vhd
    Info (12022): Found design unit 1: conversorHex7Seg-comportamento File: /home/antonio/Desktop/Desing_Computadores/MIPS/conversorHex7Seg.vhd Line: 17
    Info (12023): Found entity 1: conversorHex7Seg File: /home/antonio/Desktop/Desing_Computadores/MIPS/conversorHex7Seg.vhd Line: 4
Info (12021): Found 2 design units, including 1 entities, in source file bancoReg.vhd
    Info (12022): Found design unit 1: bancoReg-comportamento File: /home/antonio/Desktop/Desing_Computadores/MIPS/bancoReg.vhd Line: 30
    Info (12023): Found entity 1: bancoReg File: /home/antonio/Desktop/Desing_Computadores/MIPS/bancoReg.vhd Line: 7
Info (12127): Elaborating entity "aula_13" for the top level hierarchy
Warning (10541): VHDL Signal Declaration warning at aula_13.vhd(48): used implicit default value for signal "ram_habilita" because signal was never assigned a value or an explicit default value. Use of implicit default value may introduce unintended design optimizations. File: /home/antonio/Desktop/Desing_Computadores/MIPS/aula_13.vhd Line: 48
Warning (10036): Verilog HDL or VHDL warning at aula_13.vhd(65): object "saida_idex" assigned a value but never read File: /home/antonio/Desktop/Desing_Computadores/MIPS/aula_13.vhd Line: 65
Info (12128): Elaborating entity "ROMMIPS" for hierarchy "ROMMIPS:ROM" File: /home/antonio/Desktop/Desing_Computadores/MIPS/aula_13.vhd Line: 82
Warning (10541): VHDL Signal Declaration warning at ROMMIPS.vhd(18): used implicit default value for signal "memROM" because signal was never assigned a value or an explicit default value. Use of implicit default value may introduce unintended design optimizations. File: /home/antonio/Desktop/Desing_Computadores/MIPS/ROMMIPS.vhd Line: 18
Info (12128): Elaborating entity "somadorGenerico" for hierarchy "somadorGenerico:INC_PC" File: /home/antonio/Desktop/Desing_Computadores/MIPS/aula_13.vhd Line: 86
Info (12128): Elaborating entity "muxGenerico2x1" for hierarchy "muxGenerico2x1:MUX_Entrada_PC" File: /home/antonio/Desktop/Desing_Computadores/MIPS/aula_13.vhd Line: 94
Info (12128): Elaborating entity "registradorGenerico" for hierarchy "registradorGenerico:REG_PC" File: /home/antonio/Desktop/Desing_Computadores/MIPS/aula_13.vhd Line: 100
Info (12128): Elaborating entity "registradorGenerico" for hierarchy "registradorGenerico:REG_ifid" File: /home/antonio/Desktop/Desing_Computadores/MIPS/aula_13.vhd Line: 112
Info (12128): Elaborating entity "bancoReg" for hierarchy "bancoReg:bancoRegistradores" File: /home/antonio/Desktop/Desing_Computadores/MIPS/aula_13.vhd Line: 121
Info (12128): Elaborating entity "estendeSinalGenerico" for hierarchy "estendeSinalGenerico:estensor_sinal" File: /home/antonio/Desktop/Desing_Computadores/MIPS/aula_13.vhd Line: 131
Info (12128): Elaborating entity "decoderInstru" for hierarchy "decoderInstru:decoder_instru" File: /home/antonio/Desktop/Desing_Computadores/MIPS/aula_13.vhd Line: 134
Info (12128): Elaborating entity "registradorGenerico" for hierarchy "registradorGenerico:REG_idex" File: /home/antonio/Desktop/Desing_Computadores/MIPS/aula_13.vhd Line: 148
Info (12128): Elaborating entity "decoderULA" for hierarchy "decoderULA:decoder_ula" File: /home/antonio/Desktop/Desing_Computadores/MIPS/aula_13.vhd Line: 162
Info (12128): Elaborating entity "muxGenerico2x1" for hierarchy "decoderULA:decoder_ula|muxGenerico2x1:mux_dec_ula" File: /home/antonio/Desktop/Desing_Computadores/MIPS/decoderULA.vhd Line: 38
Info (12128): Elaborating entity "ULAMips" for hierarchy "ULAMips:ULA" File: /home/antonio/Desktop/Desing_Computadores/MIPS/aula_13.vhd Line: 169
Warning (10540): VHDL Signal Declaration warning at ULAMips.vhd(17): used explicit default value for signal "zero" because signal was never assigned a value File: /home/antonio/Desktop/Desing_Computadores/MIPS/ULAMips.vhd Line: 17
Warning (10036): Verilog HDL or VHDL warning at ULAMips.vhd(21): object "carry_31" assigned a value but never read File: /home/antonio/Desktop/Desing_Computadores/MIPS/ULAMips.vhd Line: 21
Info (12128): Elaborating entity "ULA_31" for hierarchy "ULAMips:ULA|ULA_31:ULA31" File: /home/antonio/Desktop/Desing_Computadores/MIPS/ULAMips.vhd Line: 27
Info (12128): Elaborating entity "muxBit" for hierarchy "ULAMips:ULA|ULA_31:ULA31|muxBit:MUX_inverte" File: /home/antonio/Desktop/Desing_Computadores/MIPS/ULA_31.vhd Line: 21
Info (12128): Elaborating entity "soma_bit" for hierarchy "ULAMips:ULA|ULA_31:ULA31|soma_bit:Somador" File: /home/antonio/Desktop/Desing_Computadores/MIPS/ULA_31.vhd Line: 24
Info (12128): Elaborating entity "muxBit4x2" for hierarchy "ULAMips:ULA|ULA_31:ULA31|muxBit4x2:MUX_Selecao" File: /home/antonio/Desktop/Desing_Computadores/MIPS/ULA_31.vhd Line: 33
Info (12128): Elaborating entity "ULA_generica" for hierarchy "ULAMips:ULA|ULA_generica:ULA0" File: /home/antonio/Desktop/Desing_Computadores/MIPS/ULAMips.vhd Line: 39
Info (12128): Elaborating entity "muxGenerico2x1" for hierarchy "muxGenerico2x1:mux_entrada_regs" File: /home/antonio/Desktop/Desing_Computadores/MIPS/aula_13.vhd Line: 184
Info (12128): Elaborating entity "RAMMIPS" for hierarchy "RAMMIPS:RAM" File: /home/antonio/Desktop/Desing_Computadores/MIPS/aula_13.vhd Line: 200
Info (12128): Elaborating entity "conversorHex7Seg" for hierarchy "conversorHex7Seg:DEC_0" File: /home/antonio/Desktop/Desing_Computadores/MIPS/aula_13.vhd Line: 246
Info: Quartus Prime Analysis & Elaboration was successful. 0 errors, 6 warnings
    Info: Peak virtual memory: 797 megabytes
    Info: Processing ended: Fri May 19 17:18:38 2023
    Info: Elapsed time: 00:00:06
    Info: Total CPU time (on all processors): 00:00:16


